<?xml version="1.0" encoding="UTF-8"?>
<robot generator="Robot 7.1.1 (Python 3.11.2 on win32)" generated="2024-11-16T10:32:43.696712" rpa="false" schemaversion="5">
<suite id="s1" name="Exercise7" source="C:\Users\Gemma\Desktop\2024_autumn\Second_Period\SW_Test_Automation_for_Embedded_Systems\Exercises\Exercise7\Robot_tests\exercise7.robot">
<kw name="Open Browser" owner="SeleniumLibrary" type="SETUP">
<msg time="2024-11-16T10:32:43.940893" level="INFO">Opening browser 'Chrome' to base url 'http://localhost:3000'.</msg>
<arg>${LOCAL_HOST_URL}</arg>
<arg>${BROWSER}</arg>
<doc>Opens a new browser instance to the optional ``url``.</doc>
<status status="PASS" start="2024-11-16T10:32:43.940893" elapsed="1.955770"/>
</kw>
<test id="s1-t1" name="Add Cars To Car Dealer Website" line="12">
<kw name="Set Selenium Speed" owner="SeleniumLibrary" type="SETUP">
<arg>${SELENIUM_SPEED}</arg>
<doc>Sets the delay that is waited after each Selenium command.</doc>
<status status="PASS" start="2024-11-16T10:32:45.897667" elapsed="0.000994"/>
</kw>
<kw name="Go To" owner="SeleniumLibrary">
<msg time="2024-11-16T10:32:45.900661" level="INFO">Opening url 'http://localhost:3000'</msg>
<arg>${LOCAL_HOST_URL}</arg>
<doc>Navigates the current browser window to the provided ``url``.</doc>
<status status="PASS" start="2024-11-16T10:32:45.899661" elapsed="0.246446"/>
</kw>
<kw name="Screenshot Before" owner="car_dealer">
<kw name="Capture Page Screenshot" owner="SeleniumLibrary">
<msg time="2024-11-16T10:32:46.436751" level="INFO" html="true">&lt;/td&gt;&lt;/tr&gt;&lt;tr&gt;&lt;td colspan="3"&gt;&lt;a href="before_test.png"&gt;&lt;img src="before_test.png" width="800px"&gt;&lt;/a&gt;</msg>
<arg>${BEFORE_SCREENSHOT_NAME}</arg>
<doc>Takes a screenshot of the current page and embeds it into a log file.</doc>
<status status="PASS" start="2024-11-16T10:32:46.147111" elapsed="0.289640"/>
</kw>
<status status="PASS" start="2024-11-16T10:32:46.147111" elapsed="0.289640"/>
</kw>
<kw name="Add Car" owner="car_dealer">
<kw name="Click Link" owner="SeleniumLibrary">
<msg time="2024-11-16T10:32:46.437758" level="INFO">Clicking link 'xpath=//a[contains(text(),'Add a car')]'.</msg>
<arg>xpath=//a[contains(text(),'Add a car')]</arg>
<doc>Clicks a link identified by ``locator``.</doc>
<status status="PASS" start="2024-11-16T10:32:46.437758" elapsed="0.739697"/>
</kw>
<kw name="Input Text" owner="SeleniumLibrary">
<msg time="2024-11-16T10:32:47.178458" level="INFO">Typing text 'Toyota' into text field 'id=make-input'.</msg>
<arg>id=make-input</arg>
<arg>${make}</arg>
<doc>Types the given ``text`` into the text field identified by ``locator``.</doc>
<status status="PASS" start="2024-11-16T10:32:47.178458" elapsed="0.713370"/>
</kw>
<kw name="Input Text" owner="SeleniumLibrary">
<msg time="2024-11-16T10:32:47.892860" level="INFO">Typing text 'Camry' into text field 'id=model-input'.</msg>
<arg>id=model-input</arg>
<arg>${model}</arg>
<doc>Types the given ``text`` into the text field identified by ``locator``.</doc>
<status status="PASS" start="2024-11-16T10:32:47.891828" elapsed="0.692452"/>
</kw>
<kw name="Input Text" owner="SeleniumLibrary">
<msg time="2024-11-16T10:32:48.585279" level="INFO">Typing text '13297' into text field 'id=mileage-input'.</msg>
<arg>id=mileage-input</arg>
<arg>${mileage}</arg>
<doc>Types the given ``text`` into the text field identified by ``locator``.</doc>
<status status="PASS" start="2024-11-16T10:32:48.584280" elapsed="0.685356"/>
</kw>
<kw name="Input Text" owner="SeleniumLibrary">
<msg time="2024-11-16T10:32:49.270684" level="INFO">Typing text '2019' into text field 'id=year-input'.</msg>
<arg>id=year-input</arg>
<arg>${year}</arg>
<doc>Types the given ``text`` into the text field identified by ``locator``.</doc>
<status status="PASS" start="2024-11-16T10:32:49.269636" elapsed="0.689556"/>
</kw>
<kw name="Input Text" owner="SeleniumLibrary">
<msg time="2024-11-16T10:32:49.960372" level="INFO">Typing text 'XYZ-1234' into text field 'id=plate-input'.</msg>
<arg>id=plate-input</arg>
<arg>${plate}</arg>
<doc>Types the given ``text`` into the text field identified by ``locator``.</doc>
<status status="PASS" start="2024-11-16T10:32:49.959192" elapsed="0.698790"/>
</kw>
<kw name="Click Button" owner="SeleniumLibrary">
<msg time="2024-11-16T10:32:50.659009" level="INFO">Clicking button 'xpath=//input[@type='submit' and @value='Add a new car']'.</msg>
<arg>xpath=//input[@type='submit' and @value='Add a new car']</arg>
<doc>Clicks the button identified by ``locator``.</doc>
<status status="PASS" start="2024-11-16T10:32:50.657982" elapsed="0.684590"/>
</kw>
<arg>${CAR_1_MAKE}</arg>
<arg>${CAR_1_MODEL}</arg>
<arg>${CAR_1_MILEAGE}</arg>
<arg>${CAR_1_YEAR}</arg>
<arg>${CAR_1_PLATE}</arg>
<status status="PASS" start="2024-11-16T10:32:46.436751" elapsed="4.905821"/>
</kw>
<kw name="Add Car" owner="car_dealer">
<kw name="Click Link" owner="SeleniumLibrary">
<msg time="2024-11-16T10:32:51.344376" level="INFO">Clicking link 'xpath=//a[contains(text(),'Add a car')]'.</msg>
<arg>xpath=//a[contains(text(),'Add a car')]</arg>
<doc>Clicks a link identified by ``locator``.</doc>
<status status="PASS" start="2024-11-16T10:32:51.344376" elapsed="0.692187"/>
</kw>
<kw name="Input Text" owner="SeleniumLibrary">
<msg time="2024-11-16T10:32:52.037599" level="INFO">Typing text 'Honda' into text field 'id=make-input'.</msg>
<arg>id=make-input</arg>
<arg>${make}</arg>
<doc>Types the given ``text`` into the text field identified by ``locator``.</doc>
<status status="PASS" start="2024-11-16T10:32:52.036563" elapsed="0.697213"/>
</kw>
<kw name="Input Text" owner="SeleniumLibrary">
<msg time="2024-11-16T10:32:52.734560" level="INFO">Typing text 'Accord' into text field 'id=model-input'.</msg>
<arg>id=model-input</arg>
<arg>${model}</arg>
<doc>Types the given ``text`` into the text field identified by ``locator``.</doc>
<status status="PASS" start="2024-11-16T10:32:52.734560" elapsed="0.692515"/>
</kw>
<kw name="Input Text" owner="SeleniumLibrary">
<msg time="2024-11-16T10:32:53.427845" level="INFO">Typing text '4560' into text field 'id=mileage-input'.</msg>
<arg>id=mileage-input</arg>
<arg>${mileage}</arg>
<doc>Types the given ``text`` into the text field identified by ``locator``.</doc>
<status status="PASS" start="2024-11-16T10:32:53.427845" elapsed="0.687570"/>
</kw>
<kw name="Input Text" owner="SeleniumLibrary">
<msg time="2024-11-16T10:32:54.116444" level="INFO">Typing text '2018' into text field 'id=year-input'.</msg>
<arg>id=year-input</arg>
<arg>${year}</arg>
<doc>Types the given ``text`` into the text field identified by ``locator``.</doc>
<status status="PASS" start="2024-11-16T10:32:54.115415" elapsed="0.687296"/>
</kw>
<kw name="Input Text" owner="SeleniumLibrary">
<msg time="2024-11-16T10:32:54.803497" level="INFO">Typing text 'ABC-5678' into text field 'id=plate-input'.</msg>
<arg>id=plate-input</arg>
<arg>${plate}</arg>
<doc>Types the given ``text`` into the text field identified by ``locator``.</doc>
<status status="PASS" start="2024-11-16T10:32:54.803497" elapsed="0.691633"/>
</kw>
<kw name="Click Button" owner="SeleniumLibrary">
<msg time="2024-11-16T10:32:55.495130" level="INFO">Clicking button 'xpath=//input[@type='submit' and @value='Add a new car']'.</msg>
<arg>xpath=//input[@type='submit' and @value='Add a new car']</arg>
<doc>Clicks the button identified by ``locator``.</doc>
<status status="PASS" start="2024-11-16T10:32:55.495130" elapsed="0.665589"/>
</kw>
<arg>${CAR_2_MAKE}</arg>
<arg>${CAR_2_MODEL}</arg>
<arg>${CAR_2_MILEAGE}</arg>
<arg>${CAR_2_YEAR}</arg>
<arg>${CAR_2_PLATE}</arg>
<status status="PASS" start="2024-11-16T10:32:51.343373" elapsed="4.817346"/>
</kw>
<kw name="Add Car" owner="car_dealer">
<kw name="Click Link" owner="SeleniumLibrary">
<msg time="2024-11-16T10:32:56.161385" level="INFO">Clicking link 'xpath=//a[contains(text(),'Add a car')]'.</msg>
<arg>xpath=//a[contains(text(),'Add a car')]</arg>
<doc>Clicks a link identified by ``locator``.</doc>
<status status="PASS" start="2024-11-16T10:32:56.161385" elapsed="0.698809"/>
</kw>
<kw name="Input Text" owner="SeleniumLibrary">
<msg time="2024-11-16T10:32:56.860194" level="INFO">Typing text 'Ford' into text field 'id=make-input'.</msg>
<arg>id=make-input</arg>
<arg>${make}</arg>
<doc>Types the given ``text`` into the text field identified by ``locator``.</doc>
<status status="PASS" start="2024-11-16T10:32:56.860194" elapsed="0.697896"/>
</kw>
<kw name="Input Text" owner="SeleniumLibrary">
<msg time="2024-11-16T10:32:57.558787" level="INFO">Typing text 'Focus' into text field 'id=model-input'.</msg>
<arg>id=model-input</arg>
<arg>${model}</arg>
<doc>Types the given ``text`` into the text field identified by ``locator``.</doc>
<status status="PASS" start="2024-11-16T10:32:57.558090" elapsed="0.682827"/>
</kw>
<kw name="Input Text" owner="SeleniumLibrary">
<msg time="2024-11-16T10:32:58.240917" level="INFO">Typing text '35123' into text field 'id=mileage-input'.</msg>
<arg>id=mileage-input</arg>
<arg>${mileage}</arg>
<doc>Types the given ``text`` into the text field identified by ``locator``.</doc>
<status status="PASS" start="2024-11-16T10:32:58.240917" elapsed="0.674016"/>
</kw>
<kw name="Input Text" owner="SeleniumLibrary">
<msg time="2024-11-16T10:32:58.914933" level="INFO">Typing text '2020' into text field 'id=year-input'.</msg>
<arg>id=year-input</arg>
<arg>${year}</arg>
<doc>Types the given ``text`` into the text field identified by ``locator``.</doc>
<status status="PASS" start="2024-11-16T10:32:58.914933" elapsed="0.678987"/>
</kw>
<kw name="Input Text" owner="SeleniumLibrary">
<msg time="2024-11-16T10:32:59.594968" level="INFO">Typing text 'DEF-9876' into text field 'id=plate-input'.</msg>
<arg>id=plate-input</arg>
<arg>${plate}</arg>
<doc>Types the given ``text`` into the text field identified by ``locator``.</doc>
<status status="PASS" start="2024-11-16T10:32:59.593920" elapsed="0.695798"/>
</kw>
<kw name="Click Button" owner="SeleniumLibrary">
<msg time="2024-11-16T10:33:00.289718" level="INFO">Clicking button 'xpath=//input[@type='submit' and @value='Add a new car']'.</msg>
<arg>xpath=//input[@type='submit' and @value='Add a new car']</arg>
<doc>Clicks the button identified by ``locator``.</doc>
<status status="PASS" start="2024-11-16T10:33:00.289718" elapsed="0.669024"/>
</kw>
<arg>${CAR_3_MAKE}</arg>
<arg>${CAR_3_MODEL}</arg>
<arg>${CAR_3_MILEAGE}</arg>
<arg>${CAR_3_YEAR}</arg>
<arg>${CAR_3_PLATE}</arg>
<status status="PASS" start="2024-11-16T10:32:56.161385" elapsed="4.797357"/>
</kw>
<kw name="Screenshot After" owner="car_dealer">
<kw name="Capture Page Screenshot" owner="SeleniumLibrary">
<msg time="2024-11-16T10:33:01.264398" level="INFO" html="true">&lt;/td&gt;&lt;/tr&gt;&lt;tr&gt;&lt;td colspan="3"&gt;&lt;a href="after_test.png"&gt;&lt;img src="after_test.png" width="800px"&gt;&lt;/a&gt;</msg>
<arg>${AFTER_SCREENSHOT_NAME}</arg>
<doc>Takes a screenshot of the current page and embeds it into a log file.</doc>
<status status="PASS" start="2024-11-16T10:33:00.959761" elapsed="0.305618"/>
</kw>
<status status="PASS" start="2024-11-16T10:33:00.959761" elapsed="0.305698"/>
</kw>
<kw name="Screenshot After" owner="car_dealer" type="TEARDOWN">
<kw name="Capture Page Screenshot" owner="SeleniumLibrary">
<msg time="2024-11-16T10:33:01.545989" level="INFO" html="true">&lt;/td&gt;&lt;/tr&gt;&lt;tr&gt;&lt;td colspan="3"&gt;&lt;a href="after_test.png"&gt;&lt;img src="after_test.png" width="800px"&gt;&lt;/a&gt;</msg>
<arg>${AFTER_SCREENSHOT_NAME}</arg>
<doc>Takes a screenshot of the current page and embeds it into a log file.</doc>
<status status="PASS" start="2024-11-16T10:33:01.265600" elapsed="0.280389"/>
</kw>
<status status="PASS" start="2024-11-16T10:33:01.265600" elapsed="0.280389"/>
</kw>
<doc>Adds three cars to the "Car Dealer" website.</doc>
<status status="PASS" start="2024-11-16T10:32:45.896663" elapsed="15.649684"/>
</test>
<kw name="Close Browser" owner="SeleniumLibrary" type="TEARDOWN">
<doc>Closes the current browser.</doc>
<status status="PASS" start="2024-11-16T10:33:01.547805" elapsed="2.258525"/>
</kw>
<doc>Setup, Teardown, Create Three Cars, Document with Screenshots</doc>
<status status="PASS" start="2024-11-16T10:32:43.697931" elapsed="20.108399"/>
</suite>
<statistics>
<total>
<stat pass="1" fail="0" skip="0">All Tests</stat>
</total>
<tag>
</tag>
<suite>
<stat pass="1" fail="0" skip="0" id="s1" name="Exercise7">Exercise7</stat>
</suite>
</statistics>
<errors>
</errors>
</robot>
